This is pdfTeX, Version 3.1415926-2.4-1.40.13 (MiKTeX 2.9) (preloaded format=pdflatex 2012.12.6)  9 DEC 2012 19:52
entering extended mode
**C:/Users/vamsi/Desktop/report_latex/report_latex/chapters/01_abstract.tex
(C:/Users/vamsi/Desktop/report_latex/report_latex/chapters/01_abstract.tex
LaTeX2e <2011/06/27>
Babel <v3.8m> and hyphenation patterns for english, ancientgreek, armenian, ass
amese, bulgarian, catalan, coptic, croatian, esperanto, estonian, farsi, finnis
h, french, galician, german, german-x-2012-05-30, greek, gujarati, hindi, hunga
rian, icelandic, indonesian, interlingua, irish, italian, kannada, kurmanji, la
tin, latvian, lithuanian, malayalam, marathi, mongolian, mongolianlmc, monogree
k, ngerman, ngerman-x-2012-05-30, nynorsk, oriya, panjabi, pinyin, polish, port
uguese, romanian, russian, sanskrit, serbian, slovak, slovenian, spanish, swedi
sh, swissgerman, tamil, telugu, turkish, turkmen, ukenglish, ukrainian, upperso
rbian, usenglishmax, welsh, loaded.
! Undefined control sequence.
l.1 \pdfbookmark
                {Abstract}{Abstract}
? 
! Emergency stop.
l.1 \pdfbookmark
                {Abstract}{Abstract}
End of file on the terminal!

 
Here is how much of TeX's memory you used:
 7 strings out of 494143
 281 string characters out of 3150162
 48710 words of memory out of 3000000
 3387 multiletter control sequences out of 15000+200000
 3640 words of font info for 14 fonts, out of 3000000 for 9000
 687 hyphenation exceptions out of 8191
 5i,0n,1p,109b,8s stack positions out of 5000i,500n,10000p,200000b,50000s
!  ==> Fatal error occurred, no output PDF file produced!
