\BOOKMARK [0][-]{Abstract.0}{\376\377\000A\000b\000s\000t\000r\000a\000c\000t}{}% 1
\BOOKMARK [0][-]{Acknowledgements.0}{\376\377\000A\000c\000k\000n\000o\000w\000l\000e\000d\000g\000e\000m\000e\000n\000t\000s}{}% 2
\BOOKMARK [0][-]{Table of Contents.0}{\376\377\000T\000a\000b\000l\000e\000\040\000o\000f\000\040\000C\000o\000n\000t\000e\000n\000t\000s}{}% 3
\BOOKMARK [0][-]{List of Figures.0}{\376\377\000L\000i\000s\000t\000\040\000o\000f\000\040\000F\000i\000g\000u\000r\000e\000s}{}% 4
\BOOKMARK [0][-]{List of Tables.0}{\376\377\000L\000i\000s\000t\000\040\000o\000f\000\040\000T\000a\000b\000l\000e\000s}{}% 5
\BOOKMARK [0][-]{chapter*.3}{\376\377\000A\000c\000r\000o\000n\000y\000m\000s}{}% 6
\BOOKMARK [0][-]{chapter.1}{\376\377\000I\000n\000t\000r\000o\000d\000u\000c\000t\000i\000o\000n}{}% 7
\BOOKMARK [1][-]{section.1.1}{\376\377\000B\000a\000c\000k\000g\000r\000o\000u\000n\000d}{chapter.1}% 8
\BOOKMARK [2][-]{subsection.1.1.1}{\376\377\000D\000y\000e\000-\000S\000e\000n\000s\000i\000t\000i\000z\000e\000d\000\040\000S\000o\000l\000a\000r\000\040\000C\000e\000l\000l\000s\000\050\000D\000S\000C\000s\000\051}{section.1.1}% 9
\BOOKMARK [2][-]{subsection.1.1.2}{\376\377\000A\000d\000v\000a\000n\000t\000a\000g\000e\000s\000\040\000o\000f\000\040\000D\000S\000C\000s\000\040}{section.1.1}% 10
\BOOKMARK [1][-]{section.1.2}{\376\377\000M\000a\000x\000i\000m\000u\000m\000\040\000p\000o\000w\000e\000r\000\040\000P\000o\000i\000n\000t\000\040\000T\000r\000a\000c\000k\000i\000n\000g\000\050\000M\000P\000P\000T\000\051}{chapter.1}% 11
\BOOKMARK [1][-]{section.1.3}{\376\377\000S\000c\000o\000p\000e\000,\000\040\000T\000h\000e\000s\000i\000s\000\040\000G\000o\000a\000l\000s\000\040\000a\000n\000d\000\040\000O\000b\000j\000e\000c\000t\000i\000v\000e\000s}{chapter.1}% 12
\BOOKMARK [1][-]{section.1.4}{\376\377\000T\000h\000e\000s\000i\000s\000\040\000o\000u\000t\000l\000i\000n\000e}{chapter.1}% 13
\BOOKMARK [1][-]{section.1.5}{\376\377\000R\000e\000s\000e\000a\000r\000c\000h\000\040\000M\000e\000t\000h\000o\000d\000o\000l\000o\000g\000y}{chapter.1}% 14
\BOOKMARK [0][-]{chapter.2}{\376\377\000R\000e\000s\000u\000l\000t\000\040\000D\000i\000s\000c\000u\000s\000s\000i\000o\000n}{}% 15
\BOOKMARK [1][-]{section.2.1}{\376\377\000P\000e\000r\000t\000u\000r\000b\000\040\000a\000n\000d\000\040\000O\000b\000s\000e\000r\000v\000e\000\040\000M\000e\000t\000h\000o\000d\000\040}{chapter.2}% 16
\BOOKMARK [1][-]{section.2.2}{\376\377\000I\000n\000c\000r\000e\000m\000e\000n\000t\000a\000l\000\040\000C\000o\000n\000d\000u\000c\000t\000a\000n\000c\000e\000\040\000M\000e\000t\000h\000o\000d\000\040}{chapter.2}% 17
\BOOKMARK [1][-]{section.2.3}{\376\377\000f\000r\000a\000c\000t\000i\000o\000n\000a\000l\000\040\000o\000p\000e\000n\000\040\000c\000i\000r\000c\000u\000i\000t\000\040\000v\000o\000l\000t\000a\000g\000e\000\040\000M\000e\000t\000h\000o\000d\000\040}{chapter.2}% 18
\BOOKMARK [1][-]{section.2.4}{\376\377\000P\000r\000o\000p\000o\000s\000e\000d\000\040\000M\000e\000t\000h\000o\000d\000\040}{chapter.2}% 19
\BOOKMARK [0][-]{chapter*.23}{\376\377\000B\000i\000b\000l\000i\000o\000g\000r\000a\000p\000h\000y}{}% 20
