This is pdfTeX, Version 3.1415926-2.5-1.40.14 (MiKTeX 2.9 64-bit) (preloaded format=pdftex 2014.9.29)  27 FEB 2015 11:29
entering extended mode
**C:/Users/Kartik.Karuna/Documents/Exjobb/Thesis_Report/bibliography.bib
(C:/Users/Kartik.Karuna/Documents/Exjobb/Thesis_Report/bibliography.bib
! Missing $ inserted.
<inserted text> 
                $
<to be read again> 
                   _
l.55 @online{nrel_
                  Research_Cell,
? 
! Emergency stop.
<inserted text> 
                $
<to be read again> 
                   _
l.55 @online{nrel_
                  Research_Cell,
End of file on the terminal!

!  ==> Fatal error occurred, no output PDF file produced!
