\BOOKMARK [0][-]{Abstract.0}{\376\377\000A\000b\000s\000t\000r\000a\000c\000t}{}% 1
\BOOKMARK [0][-]{Acknowledgements.0}{\376\377\000A\000c\000k\000n\000o\000w\000l\000e\000d\000g\000e\000m\000e\000n\000t\000s}{}% 2
\BOOKMARK [0][-]{Table of Contents.0}{\376\377\000T\000a\000b\000l\000e\000\040\000o\000f\000\040\000C\000o\000n\000t\000e\000n\000t\000s}{}% 3
\BOOKMARK [0][-]{List of Figures.0}{\376\377\000L\000i\000s\000t\000\040\000o\000f\000\040\000F\000i\000g\000u\000r\000e\000s}{}% 4
\BOOKMARK [0][-]{List of Tables.0}{\376\377\000L\000i\000s\000t\000\040\000o\000f\000\040\000T\000a\000b\000l\000e\000s}{}% 5
\BOOKMARK [0][-]{chapter*.3}{\376\377\000A\000c\000r\000o\000n\000y\000m\000s}{}% 6
\BOOKMARK [0][-]{chapter.1}{\376\377\000I\000n\000t\000r\000o\000d\000u\000c\000t\000i\000o\000n}{}% 7
\BOOKMARK [1][-]{section.1.1}{\376\377\000B\000a\000c\000k\000g\000r\000o\000u\000n\000d}{chapter.1}% 8
\BOOKMARK [2][-]{subsection.1.1.1}{\376\377\000D\000y\000e\000-\000S\000e\000n\000s\000i\000t\000i\000z\000e\000d\000\040\000S\000o\000l\000a\000r\000\040\000C\000e\000l\000l\000s\000\050\000D\000S\000C\000s\000\051}{section.1.1}% 9
\BOOKMARK [2][-]{subsection.1.1.2}{\376\377\000A\000d\000v\000a\000n\000t\000a\000g\000e\000s\000\040\000o\000f\000\040\000D\000S\000C\000s\000\040}{section.1.1}% 10
\BOOKMARK [1][-]{section.1.2}{\376\377\000M\000a\000x\000i\000m\000u\000m\000\040\000p\000o\000w\000e\000r\000\040\000P\000o\000i\000n\000t\000\040\000T\000r\000a\000c\000k\000i\000n\000g\000\050\000M\000P\000P\000T\000\051}{chapter.1}% 11
\BOOKMARK [1][-]{section.1.3}{\376\377\000S\000c\000o\000p\000e\000,\000\040\000T\000h\000e\000s\000i\000s\000\040\000G\000o\000a\000l\000s\000\040\000a\000n\000d\000\040\000O\000b\000j\000e\000c\000t\000i\000v\000e\000s}{chapter.1}% 12
\BOOKMARK [1][-]{section.1.4}{\376\377\000T\000h\000e\000s\000i\000s\000\040\000o\000u\000t\000l\000i\000n\000e}{chapter.1}% 13
\BOOKMARK [1][-]{section.1.5}{\376\377\000R\000e\000s\000e\000a\000r\000c\000h\000\040\000M\000e\000t\000h\000o\000d\000o\000l\000o\000g\000y}{chapter.1}% 14
\BOOKMARK [0][-]{chapter.2}{\376\377\000R\000e\000l\000a\000t\000e\000d\000\040\000L\000i\000t\000e\000r\000a\000t\000u\000r\000e}{}% 15
\BOOKMARK [1][-]{section.2.1}{\376\377\000D\000y\000e\000-\000S\000e\000n\000s\000i\000t\000i\000z\000e\000d\000\040\000S\000o\000l\000a\000r\000\040\000C\000e\000l\000l\000s\000\050\000D\000S\000C\000s\000\051}{chapter.2}% 16
\BOOKMARK [2][-]{subsection.2.1.1}{\376\377\000S\000i\000n\000g\000l\000e\000\040\000d\000i\000o\000d\000e\000\040\000m\000o\000d\000e\000l}{section.2.1}% 17
\BOOKMARK [2][-]{subsection.2.1.2}{\376\377\000D\000o\000u\000b\000l\000e\000\040\000d\000i\000o\000d\000e\000\040\000m\000o\000d\000e\000l}{section.2.1}% 18
\BOOKMARK [2][-]{subsection.2.1.3}{\376\377\000E\000q\000u\000i\000v\000a\000l\000e\000n\000t\000\040\000D\000S\000C\000s\000\040\000m\000o\000d\000e\000l}{section.2.1}% 19
\BOOKMARK [1][-]{section.2.2}{\376\377\000M\000a\000x\000i\000m\000u\000m\000\040\000p\000o\000w\000e\000r\000\040\000P\000o\000i\000n\000t\000\040\000T\000r\000a\000c\000k\000i\000n\000g\000\050\000M\000P\000P\000T\000\051}{chapter.2}% 20
\BOOKMARK [2][-]{subsection.2.2.1}{\376\377\000P\000e\000r\000t\000u\000r\000b\000\040\000a\000n\000d\000\040\000O\000b\000s\000e\000r\000v\000e\000\040\000M\000e\000t\000h\000o\000d\000\040}{section.2.2}% 21
\BOOKMARK [2][-]{subsection.2.2.2}{\376\377\000I\000n\000c\000r\000e\000m\000e\000n\000t\000a\000l\000\040\000C\000o\000n\000d\000u\000c\000t\000a\000n\000c\000e\000\040\000M\000e\000t\000h\000o\000d\000\040}{section.2.2}% 22
\BOOKMARK [2][-]{subsection.2.2.3}{\376\377\000f\000r\000a\000c\000t\000i\000o\000n\000a\000l\000\040\000o\000p\000e\000n\000\040\000c\000i\000r\000c\000u\000i\000t\000\040\000v\000o\000l\000t\000a\000g\000e\000\040\000M\000e\000t\000h\000o\000d\000\040}{section.2.2}% 23
\BOOKMARK [2][-]{subsection.2.2.4}{\376\377\000O\000t\000h\000e\000r\000\040\000A\000l\000g\000o\000r\000i\000t\000h\000m\000s}{section.2.2}% 24
\BOOKMARK [1][-]{section.2.3}{\376\377\000M\000a\000c\000h\000i\000n\000e\000\040\000L\000e\000a\000r\000n\000i\000n\000g\000\040}{chapter.2}% 25
\BOOKMARK [2][-]{subsection.2.3.1}{\376\377\000R\000e\000g\000r\000e\000s\000s\000i\000o\000n\000\040\000M\000o\000d\000e\000l\000l\000i\000n\000g\000\040}{section.2.3}% 26
\BOOKMARK [2][-]{subsection.2.3.2}{\376\377\000P\000a\000t\000t\000e\000r\000n\000\040\000s\000e\000a\000r\000c\000h}{section.2.3}% 27
\BOOKMARK [0][-]{chapter.3}{\376\377\000D\000e\000s\000i\000g\000n\000\040\000a\000n\000d\000\040\000I\000m\000p\000l\000e\000m\000e\000n\000t\000a\000t\000i\000o\000n}{}% 28
\BOOKMARK [1][-]{section.3.1}{\376\377\000C\000e\000l\000l\000\040\000C\000h\000a\000r\000a\000c\000t\000e\000r\000i\000s\000a\000t\000i\000o\000n}{chapter.3}% 29
\BOOKMARK [2][-]{subsection.3.1.1}{\376\377\000T\000e\000s\000t\000\040\000S\000e\000t\000u\000p}{section.3.1}% 30
\BOOKMARK [1][-]{section.3.2}{\376\377\000M\000o\000d\000e\000l\000l\000i\000n\000g\000\040\000a\000n\000d\000\040\000S\000i\000m\000u\000l\000a\000t\000i\000o\000n\000s}{chapter.3}% 31
\BOOKMARK [1][-]{section.3.3}{\376\377\000V\000a\000l\000i\000d\000a\000t\000i\000o\000n\000\040\000i\000n\000\040\000M\000a\000t\000l\000a\000b\000\256}{chapter.3}% 32
\BOOKMARK [0][-]{chapter.4}{\376\377\000R\000e\000s\000u\000l\000t\000\040\000D\000i\000s\000c\000u\000s\000s\000i\000o\000n}{}% 33
\BOOKMARK [1][-]{section.4.1}{\376\377\000P\000e\000r\000t\000u\000r\000b\000\040\000a\000n\000d\000\040\000O\000b\000s\000e\000r\000v\000e\000\040\000M\000e\000t\000h\000o\000d\000\040}{chapter.4}% 34
\BOOKMARK [1][-]{section.4.2}{\376\377\000I\000n\000c\000r\000e\000m\000e\000n\000t\000a\000l\000\040\000C\000o\000n\000d\000u\000c\000t\000a\000n\000c\000e\000\040\000M\000e\000t\000h\000o\000d\000\040}{chapter.4}% 35
\BOOKMARK [1][-]{section.4.3}{\376\377\000f\000r\000a\000c\000t\000i\000o\000n\000a\000l\000\040\000o\000p\000e\000n\000\040\000c\000i\000r\000c\000u\000i\000t\000\040\000v\000o\000l\000t\000a\000g\000e\000\040\000M\000e\000t\000h\000o\000d\000\040}{chapter.4}% 36
\BOOKMARK [1][-]{section.4.4}{\376\377\000P\000r\000o\000p\000o\000s\000e\000d\000\040\000M\000e\000t\000h\000o\000d\000\040}{chapter.4}% 37
\BOOKMARK [0][-]{chapter.5}{\376\377\000C\000o\000n\000c\000l\000u\000s\000i\000o\000n\000\040\000a\000n\000d\000\040\000F\000u\000t\000u\000r\000e\000\040\000W\000o\000r\000k}{}% 38
\BOOKMARK [1][-]{subsection.5.0.1}{\376\377\000*\000*\000t\000e\000x\000t\000*\000*\000n\000g\000a\000n\0002\0000\0001\0001\000s\000t\000u\000d\000y}{chapter.5}% 39
\BOOKMARK [2][-]{subsection.5.0.2}{\376\377\000*\000*\000t\000e\000x\000t\000*\000*\000e\000s\000r\000a\000m\0002\0000\0000\0007\000c\000o\000m\000p\000a\000r\000i\000s\000o\000n}{subsection.5.0.1}% 40
\BOOKMARK [2][-]{subsection.5.0.3}{\376\377\000*\000*\000t\000e\000x\000t\000*\000*\000e\000l\000t\000a\000w\000i\000l\0002\0000\0001\0003\000m\000p\000p\000t}{subsection.5.0.1}% 41
\BOOKMARK [2][-]{subsection.5.0.4}{\376\377\000*\000*\000t\000e\000x\000t\000*\000*\000r\000e\000z\000a\0002\0000\0001\0003\000c\000l\000a\000s\000s\000i\000f\000i\000c\000a\000t\000i\000o\000n}{subsection.5.0.1}% 42
\BOOKMARK [2][-]{subsection.5.0.5}{\376\377\000*\000*\000t\000e\000x\000t\000*\000*\000f\000a\000r\000a\000n\000d\000a\0002\0000\0000\0008\000e\000n\000e\000r\000g\000y}{subsection.5.0.1}% 43
\BOOKMARK [2][-]{subsection.5.0.6}{\376\377\000*\000*\000t\000e\000x\000t\000*\000*\000h\000o\000u\000s\000s\000a\000m\000o\0002\0000\0001\0003\000e\000x\000p\000e\000r\000i\000m\000e\000n\000t\000a\000l}{subsection.5.0.1}% 44
\BOOKMARK [2][-]{subsection.5.0.7}{\376\377\000*\000*\000t\000e\000x\000t\000*\000*\000j\000a\000i\000n\0002\0000\0000\0004\000n\000e\000w}{subsection.5.0.1}% 45
\BOOKMARK [2][-]{subsection.5.0.8}{\376\377\000*\000*\000t\000e\000x\000t\000*\000*\000l\000i\000u\0002\0000\0001\0001\000f\000a\000s\000t}{subsection.5.0.1}% 46
\BOOKMARK [2][-]{subsection.5.0.9}{\376\377\000*\000*\000t\000e\000x\000t\000*\000*\000d\000o\000n\000d\000i\0002\0000\0000\0008\000m\000o\000d\000e\000l\000i\000n\000g}{subsection.5.0.1}% 47
\BOOKMARK [2][-]{subsection.5.0.10}{\376\377\000*\000*\000t\000e\000x\000t\000*\000*\000c\000h\000u\0002\0000\0000\0009\000r\000o\000b\000u\000s\000t}{subsection.5.0.1}% 48
\BOOKMARK [2][-]{subsection.5.0.11}{\376\377\000*\000*\000t\000e\000x\000t\000*\000*\000u\000r\000a\000y\000a\000i\0002\0000\0001\0001\000s\000i\000n\000g\000l\000e}{subsection.5.0.1}% 49
\BOOKMARK [2][-]{subsection.5.0.12}{\376\377\000*\000*\000t\000e\000x\000t\000*\000*\000c\000l\000a\000r\000k\0002\0000\0000\0006\000p\000o\000w\000e\000r}{subsection.5.0.1}% 50
\BOOKMARK [0][-]{chapter*.57}{\376\377\000B\000i\000b\000l\000i\000o\000g\000r\000a\000p\000h\000y}{}% 51
